[2012-06-11 22:15:22.454] [INFO] [default] - ============== { content: '\n吉尼斯决心 不是',
  title: '84185252\r',
  postUser: 
   { pass: '111',
     email: 'i@ijser.cn',
     _id: 4fcf77e74c6512f819000001,
     lastLoginTime: Wed, 06 Jun 2012 15:31:51 GMT,
     registDate: Wed, 06 Jun 2012 15:31:51 GMT,
     name: 'ijse' },
  replyUser: null,
  _id: 4fd5fac7e62c57f84d00000b,
  reply: [],
  postTime: Mon, 11 Jun 2012 14:03:51 GMT }
[2012-06-11 22:15:22.468] [INFO] [default] - ============== { content: '\n\r\n是吉悲喜国回蓝进进地相映成趣另削赤 顶替',
  title: '标题标题。。\r',
  postUser: 
   { pass: '111',
     email: 'i@ijser.cn',
     _id: 4fcf77e74c6512f819000001,
     lastLoginTime: Wed, 06 Jun 2012 15:31:51 GMT,
     registDate: Wed, 06 Jun 2012 15:31:51 GMT,
     name: 'ijse' },
  replyUser: null,
  _id: 4fd5f757b4d8d5c40400000b,
  reply: [],
  postTime: Mon, 11 Jun 2012 13:49:11 GMT }
[2012-06-11 22:15:22.478] [INFO] [default] - ============== { content: '\n内容',
  title: '测试 标题\r',
  postUser: 
   { pass: '111',
     email: 'i@ijser.cn',
     _id: 4fcf77e74c6512f819000001,
     lastLoginTime: Wed, 06 Jun 2012 15:31:51 GMT,
     registDate: Wed, 06 Jun 2012 15:31:51 GMT,
     name: 'ijse' },
  replyUser: null,
  _id: 4fd5f6f4b4d8d5c404000008,
  reply: [],
  postTime: Mon, 11 Jun 2012 13:47:32 GMT }
[2012-06-11 22:37:47.117] [DEBUG] [default] - Post list [ { content: '\n吉尼斯决心 不是',
    title: '84185252\r',
    postUser: 
     { pass: '111',
       email: 'i@ijser.cn',
       _id: 4fcf77e74c6512f819000001,
       lastLoginTime: Wed, 06 Jun 2012 15:31:51 GMT,
       registDate: Wed, 06 Jun 2012 15:31:51 GMT,
       name: 'ijse' },
    replyUser: null,
    _id: 4fd5fac7e62c57f84d00000b,
    reply: [],
    postTime: Mon, 11 Jun 2012 14:03:51 GMT },
  { content: '\n\r\n是吉悲喜国回蓝进进地相映成趣另削赤 顶替',
    title: '标题标题。。\r',
    postUser: 
     { pass: '111',
       email: 'i@ijser.cn',
       _id: 4fcf77e74c6512f819000001,
       lastLoginTime: Wed, 06 Jun 2012 15:31:51 GMT,
       registDate: Wed, 06 Jun 2012 15:31:51 GMT,
       name: 'ijse' },
    replyUser: null,
    _id: 4fd5f757b4d8d5c40400000b,
    reply: [],
    postTime: Mon, 11 Jun 2012 13:49:11 GMT },
  { content: '\n内容',
    title: '测试 标题\r',
    postUser: 
     { pass: '111',
       email: 'i@ijser.cn',
       _id: 4fcf77e74c6512f819000001,
       lastLoginTime: Wed, 06 Jun 2012 15:31:51 GMT,
       registDate: Wed, 06 Jun 2012 15:31:51 GMT,
       name: 'ijse' },
    replyUser: null,
    _id: 4fd5f6f4b4d8d5c404000008,
    reply: [],
    postTime: Mon, 11 Jun 2012 13:47:32 GMT } ]
[2012-06-11 22:37:47.150] [INFO] [default] - ============== { content: '\n吉尼斯决心 不是',
  title: '84185252\r',
  postUser: 
   { pass: '111',
     email: 'i@ijser.cn',
     _id: 4fcf77e74c6512f819000001,
     lastLoginTime: Wed, 06 Jun 2012 15:31:51 GMT,
     registDate: Wed, 06 Jun 2012 15:31:51 GMT,
     name: 'ijse' },
  replyUser: null,
  _id: 4fd5fac7e62c57f84d00000b,
  reply: [],
  postTime: Mon, 11 Jun 2012 14:03:51 GMT }
[2012-06-11 22:37:47.181] [INFO] [default] - ============== { content: '\n\r\n是吉悲喜国回蓝进进地相映成趣另削赤 顶替',
  title: '标题标题。。\r',
  postUser: 
   { pass: '111',
     email: 'i@ijser.cn',
     _id: 4fcf77e74c6512f819000001,
     lastLoginTime: Wed, 06 Jun 2012 15:31:51 GMT,
     registDate: Wed, 06 Jun 2012 15:31:51 GMT,
     name: 'ijse' },
  replyUser: null,
  _id: 4fd5f757b4d8d5c40400000b,
  reply: [],
  postTime: Mon, 11 Jun 2012 13:49:11 GMT }
[2012-06-11 22:37:47.207] [INFO] [default] - ============== { content: '\n内容',
  title: '测试 标题\r',
  postUser: 
   { pass: '111',
     email: 'i@ijser.cn',
     _id: 4fcf77e74c6512f819000001,
     lastLoginTime: Wed, 06 Jun 2012 15:31:51 GMT,
     registDate: Wed, 06 Jun 2012 15:31:51 GMT,
     name: 'ijse' },
  replyUser: null,
  _id: 4fd5f6f4b4d8d5c404000008,
  reply: [],
  postTime: Mon, 11 Jun 2012 13:47:32 GMT }
[2012-06-11 22:37:48.976] [DEBUG] [default] - Post list [ { content: '\n吉尼斯决心 不是',
    title: '84185252\r',
    postUser: 
     { pass: '111',
       email: 'i@ijser.cn',
       _id: 4fcf77e74c6512f819000001,
       lastLoginTime: Wed, 06 Jun 2012 15:31:51 GMT,
       registDate: Wed, 06 Jun 2012 15:31:51 GMT,
       name: 'ijse' },
    replyUser: null,
    _id: 4fd5fac7e62c57f84d00000b,
    reply: [],
    postTime: Mon, 11 Jun 2012 14:03:51 GMT },
  { content: '\n\r\n是吉悲喜国回蓝进进地相映成趣另削赤 顶替',
    title: '标题标题。。\r',
    postUser: 
     { pass: '111',
       email: 'i@ijser.cn',
       _id: 4fcf77e74c6512f819000001,
       lastLoginTime: Wed, 06 Jun 2012 15:31:51 GMT,
       registDate: Wed, 06 Jun 2012 15:31:51 GMT,
       name: 'ijse' },
    replyUser: null,
    _id: 4fd5f757b4d8d5c40400000b,
    reply: [],
    postTime: Mon, 11 Jun 2012 13:49:11 GMT },
  { content: '\n内容',
    title: '测试 标题\r',
    postUser: 
     { pass: '111',
       email: 'i@ijser.cn',
       _id: 4fcf77e74c6512f819000001,
       lastLoginTime: Wed, 06 Jun 2012 15:31:51 GMT,
       registDate: Wed, 06 Jun 2012 15:31:51 GMT,
       name: 'ijse' },
    replyUser: null,
    _id: 4fd5f6f4b4d8d5c404000008,
    reply: [],
    postTime: Mon, 11 Jun 2012 13:47:32 GMT } ]
[2012-06-11 22:37:48.996] [INFO] [default] - ============== { content: '\n吉尼斯决心 不是',
  title: '84185252\r',
  postUser: 
   { pass: '111',
     email: 'i@ijser.cn',
     _id: 4fcf77e74c6512f819000001,
     lastLoginTime: Wed, 06 Jun 2012 15:31:51 GMT,
     registDate: Wed, 06 Jun 2012 15:31:51 GMT,
     name: 'ijse' },
  replyUser: null,
  _id: 4fd5fac7e62c57f84d00000b,
  reply: [],
  postTime: Mon, 11 Jun 2012 14:03:51 GMT }
[2012-06-11 22:37:49.001] [INFO] [default] - ============== { content: '\n\r\n是吉悲喜国回蓝进进地相映成趣另削赤 顶替',
  title: '标题标题。。\r',
  postUser: 
   { pass: '111',
     email: 'i@ijser.cn',
     _id: 4fcf77e74c6512f819000001,
     lastLoginTime: Wed, 06 Jun 2012 15:31:51 GMT,
     registDate: Wed, 06 Jun 2012 15:31:51 GMT,
     name: 'ijse' },
  replyUser: null,
  _id: 4fd5f757b4d8d5c40400000b,
  reply: [],
  postTime: Mon, 11 Jun 2012 13:49:11 GMT }
[2012-06-11 22:37:49.004] [INFO] [default] - ============== { content: '\n内容',
  title: '测试 标题\r',
  postUser: 
   { pass: '111',
     email: 'i@ijser.cn',
     _id: 4fcf77e74c6512f819000001,
     lastLoginTime: Wed, 06 Jun 2012 15:31:51 GMT,
     registDate: Wed, 06 Jun 2012 15:31:51 GMT,
     name: 'ijse' },
  replyUser: null,
  _id: 4fd5f6f4b4d8d5c404000008,
  reply: [],
  postTime: Mon, 11 Jun 2012 13:47:32 GMT }
[2012-06-11 22:37:50.611] [DEBUG] [default] - Post list [ { content: '\n吉尼斯决心 不是',
    title: '84185252\r',
    postUser: 
     { pass: '111',
       email: 'i@ijser.cn',
       _id: 4fcf77e74c6512f819000001,
       lastLoginTime: Wed, 06 Jun 2012 15:31:51 GMT,
       registDate: Wed, 06 Jun 2012 15:31:51 GMT,
       name: 'ijse' },
    replyUser: null,
    _id: 4fd5fac7e62c57f84d00000b,
    reply: [],
    postTime: Mon, 11 Jun 2012 14:03:51 GMT },
  { content: '\n\r\n是吉悲喜国回蓝进进地相映成趣另削赤 顶替',
    title: '标题标题。。\r',
    postUser: 
     { pass: '111',
       email: 'i@ijser.cn',
       _id: 4fcf77e74c6512f819000001,
       lastLoginTime: Wed, 06 Jun 2012 15:31:51 GMT,
       registDate: Wed, 06 Jun 2012 15:31:51 GMT,
       name: 'ijse' },
    replyUser: null,
    _id: 4fd5f757b4d8d5c40400000b,
    reply: [],
    postTime: Mon, 11 Jun 2012 13:49:11 GMT },
  { content: '\n内容',
    title: '测试 标题\r',
    postUser: 
     { pass: '111',
       email: 'i@ijser.cn',
       _id: 4fcf77e74c6512f819000001,
       lastLoginTime: Wed, 06 Jun 2012 15:31:51 GMT,
       registDate: Wed, 06 Jun 2012 15:31:51 GMT,
       name: 'ijse' },
    replyUser: null,
    _id: 4fd5f6f4b4d8d5c404000008,
    reply: [],
    postTime: Mon, 11 Jun 2012 13:47:32 GMT } ]
[2012-06-11 22:37:50.643] [INFO] [default] - ============== { content: '\n吉尼斯决心 不是',
  title: '84185252\r',
  postUser: 
   { pass: '111',
     email: 'i@ijser.cn',
     _id: 4fcf77e74c6512f819000001,
     lastLoginTime: Wed, 06 Jun 2012 15:31:51 GMT,
     registDate: Wed, 06 Jun 2012 15:31:51 GMT,
     name: 'ijse' },
  replyUser: null,
  _id: 4fd5fac7e62c57f84d00000b,
  reply: [],
  postTime: Mon, 11 Jun 2012 14:03:51 GMT }
[2012-06-11 22:37:50.666] [INFO] [default] - ============== { content: '\n\r\n是吉悲喜国回蓝进进地相映成趣另削赤 顶替',
  title: '标题标题。。\r',
  postUser: 
   { pass: '111',
     email: 'i@ijser.cn',
     _id: 4fcf77e74c6512f819000001,
     lastLoginTime: Wed, 06 Jun 2012 15:31:51 GMT,
     registDate: Wed, 06 Jun 2012 15:31:51 GMT,
     name: 'ijse' },
  replyUser: null,
  _id: 4fd5f757b4d8d5c40400000b,
  reply: [],
  postTime: Mon, 11 Jun 2012 13:49:11 GMT }
[2012-06-11 22:37:50.697] [INFO] [default] - ============== { content: '\n内容',
  title: '测试 标题\r',
  postUser: 
   { pass: '111',
     email: 'i@ijser.cn',
     _id: 4fcf77e74c6512f819000001,
     lastLoginTime: Wed, 06 Jun 2012 15:31:51 GMT,
     registDate: Wed, 06 Jun 2012 15:31:51 GMT,
     name: 'ijse' },
  replyUser: null,
  _id: 4fd5f6f4b4d8d5c404000008,
  reply: [],
  postTime: Mon, 11 Jun 2012 13:47:32 GMT }
[2012-06-11 22:37:56.038] [DEBUG] [default] - Post list [ { content: '\n吉尼斯决心 不是',
    title: '84185252\r',
    postUser: 
     { pass: '111',
       email: 'i@ijser.cn',
       _id: 4fcf77e74c6512f819000001,
       lastLoginTime: Wed, 06 Jun 2012 15:31:51 GMT,
       registDate: Wed, 06 Jun 2012 15:31:51 GMT,
       name: 'ijse' },
    replyUser: null,
    _id: 4fd5fac7e62c57f84d00000b,
    reply: [],
    postTime: Mon, 11 Jun 2012 14:03:51 GMT },
  { content: '\n\r\n是吉悲喜国回蓝进进地相映成趣另削赤 顶替',
    title: '标题标题。。\r',
    postUser: 
     { pass: '111',
       email: 'i@ijser.cn',
       _id: 4fcf77e74c6512f819000001,
       lastLoginTime: Wed, 06 Jun 2012 15:31:51 GMT,
       registDate: Wed, 06 Jun 2012 15:31:51 GMT,
       name: 'ijse' },
    replyUser: null,
    _id: 4fd5f757b4d8d5c40400000b,
    reply: [],
    postTime: Mon, 11 Jun 2012 13:49:11 GMT },
  { content: '\n内容',
    title: '测试 标题\r',
    postUser: 
     { pass: '111',
       email: 'i@ijser.cn',
       _id: 4fcf77e74c6512f819000001,
       lastLoginTime: Wed, 06 Jun 2012 15:31:51 GMT,
       registDate: Wed, 06 Jun 2012 15:31:51 GMT,
       name: 'ijse' },
    replyUser: null,
    _id: 4fd5f6f4b4d8d5c404000008,
    reply: [],
    postTime: Mon, 11 Jun 2012 13:47:32 GMT } ]
[2012-06-11 22:37:56.063] [INFO] [default] - ============== { content: '\n吉尼斯决心 不是',
  title: '84185252\r',
  postUser: 
   { pass: '111',
     email: 'i@ijser.cn',
     _id: 4fcf77e74c6512f819000001,
     lastLoginTime: Wed, 06 Jun 2012 15:31:51 GMT,
     registDate: Wed, 06 Jun 2012 15:31:51 GMT,
     name: 'ijse' },
  replyUser: null,
  _id: 4fd5fac7e62c57f84d00000b,
  reply: [],
  postTime: Mon, 11 Jun 2012 14:03:51 GMT }
[2012-06-11 22:37:56.067] [INFO] [default] - ============== { content: '\n\r\n是吉悲喜国回蓝进进地相映成趣另削赤 顶替',
  title: '标题标题。。\r',
  postUser: 
   { pass: '111',
     email: 'i@ijser.cn',
     _id: 4fcf77e74c6512f819000001,
     lastLoginTime: Wed, 06 Jun 2012 15:31:51 GMT,
     registDate: Wed, 06 Jun 2012 15:31:51 GMT,
     name: 'ijse' },
  replyUser: null,
  _id: 4fd5f757b4d8d5c40400000b,
  reply: [],
  postTime: Mon, 11 Jun 2012 13:49:11 GMT }
[2012-06-11 22:37:56.099] [INFO] [default] - ============== { content: '\n内容',
  title: '测试 标题\r',
  postUser: 
   { pass: '111',
     email: 'i@ijser.cn',
     _id: 4fcf77e74c6512f819000001,
     lastLoginTime: Wed, 06 Jun 2012 15:31:51 GMT,
     registDate: Wed, 06 Jun 2012 15:31:51 GMT,
     name: 'ijse' },
  replyUser: null,
  _id: 4fd5f6f4b4d8d5c404000008,
  reply: [],
  postTime: Mon, 11 Jun 2012 13:47:32 GMT }
[2012-06-11 22:37:58.667] [DEBUG] [default] - Post list [ { content: '\n吉尼斯决心 不是',
    title: '84185252\r',
    postUser: 
     { pass: '111',
       email: 'i@ijser.cn',
       _id: 4fcf77e74c6512f819000001,
       lastLoginTime: Wed, 06 Jun 2012 15:31:51 GMT,
       registDate: Wed, 06 Jun 2012 15:31:51 GMT,
       name: 'ijse' },
    replyUser: null,
    _id: 4fd5fac7e62c57f84d00000b,
    reply: [],
    postTime: Mon, 11 Jun 2012 14:03:51 GMT },
  { content: '\n\r\n是吉悲喜国回蓝进进地相映成趣另削赤 顶替',
    title: '标题标题。。\r',
    postUser: 
     { pass: '111',
       email: 'i@ijser.cn',
       _id: 4fcf77e74c6512f819000001,
       lastLoginTime: Wed, 06 Jun 2012 15:31:51 GMT,
       registDate: Wed, 06 Jun 2012 15:31:51 GMT,
       name: 'ijse' },
    replyUser: null,
    _id: 4fd5f757b4d8d5c40400000b,
    reply: [],
    postTime: Mon, 11 Jun 2012 13:49:11 GMT },
  { content: '\n内容',
    title: '测试 标题\r',
    postUser: 
     { pass: '111',
       email: 'i@ijser.cn',
       _id: 4fcf77e74c6512f819000001,
       lastLoginTime: Wed, 06 Jun 2012 15:31:51 GMT,
       registDate: Wed, 06 Jun 2012 15:31:51 GMT,
       name: 'ijse' },
    replyUser: null,
    _id: 4fd5f6f4b4d8d5c404000008,
    reply: [],
    postTime: Mon, 11 Jun 2012 13:47:32 GMT } ]
[2012-06-11 22:37:58.686] [INFO] [default] - ============== { content: '\n吉尼斯决心 不是',
  title: '84185252\r',
  postUser: 
   { pass: '111',
     email: 'i@ijser.cn',
     _id: 4fcf77e74c6512f819000001,
     lastLoginTime: Wed, 06 Jun 2012 15:31:51 GMT,
     registDate: Wed, 06 Jun 2012 15:31:51 GMT,
     name: 'ijse' },
  replyUser: null,
  _id: 4fd5fac7e62c57f84d00000b,
  reply: [],
  postTime: Mon, 11 Jun 2012 14:03:51 GMT }
[2012-06-11 22:37:58.713] [INFO] [default] - ============== { content: '\n\r\n是吉悲喜国回蓝进进地相映成趣另削赤 顶替',
  title: '标题标题。。\r',
  postUser: 
   { pass: '111',
     email: 'i@ijser.cn',
     _id: 4fcf77e74c6512f819000001,
     lastLoginTime: Wed, 06 Jun 2012 15:31:51 GMT,
     registDate: Wed, 06 Jun 2012 15:31:51 GMT,
     name: 'ijse' },
  replyUser: null,
  _id: 4fd5f757b4d8d5c40400000b,
  reply: [],
  postTime: Mon, 11 Jun 2012 13:49:11 GMT }
[2012-06-11 22:37:58.737] [INFO] [default] - ============== { content: '\n内容',
  title: '测试 标题\r',
  postUser: 
   { pass: '111',
     email: 'i@ijser.cn',
     _id: 4fcf77e74c6512f819000001,
     lastLoginTime: Wed, 06 Jun 2012 15:31:51 GMT,
     registDate: Wed, 06 Jun 2012 15:31:51 GMT,
     name: 'ijse' },
  replyUser: null,
  _id: 4fd5f6f4b4d8d5c404000008,
  reply: [],
  postTime: Mon, 11 Jun 2012 13:47:32 GMT }
[2012-06-11 22:38:34.313] [INFO] [default] - ============== { content: '\n吉尼斯决心 不是',
  title: '84185252\r',
  postUser: 
   { pass: '111',
     email: 'i@ijser.cn',
     _id: 4fcf77e74c6512f819000001,
     lastLoginTime: Wed, 06 Jun 2012 15:31:51 GMT,
     registDate: Wed, 06 Jun 2012 15:31:51 GMT,
     name: 'ijse' },
  replyUser: null,
  _id: 4fd5fac7e62c57f84d00000b,
  reply: [],
  postTime: Mon, 11 Jun 2012 14:03:51 GMT }
[2012-06-11 22:38:34.326] [INFO] [default] - ============== { content: '\n\r\n是吉悲喜国回蓝进进地相映成趣另削赤 顶替',
  title: '标题标题。。\r',
  postUser: 
   { pass: '111',
     email: 'i@ijser.cn',
     _id: 4fcf77e74c6512f819000001,
     lastLoginTime: Wed, 06 Jun 2012 15:31:51 GMT,
     registDate: Wed, 06 Jun 2012 15:31:51 GMT,
     name: 'ijse' },
  replyUser: null,
  _id: 4fd5f757b4d8d5c40400000b,
  reply: [],
  postTime: Mon, 11 Jun 2012 13:49:11 GMT }
[2012-06-11 22:38:34.339] [INFO] [default] - ============== { content: '\n内容',
  title: '测试 标题\r',
  postUser: 
   { pass: '111',
     email: 'i@ijser.cn',
     _id: 4fcf77e74c6512f819000001,
     lastLoginTime: Wed, 06 Jun 2012 15:31:51 GMT,
     registDate: Wed, 06 Jun 2012 15:31:51 GMT,
     name: 'ijse' },
  replyUser: null,
  _id: 4fd5f6f4b4d8d5c404000008,
  reply: [],
  postTime: Mon, 11 Jun 2012 13:47:32 GMT }
[2012-06-11 22:38:40.025] [INFO] [default] - ============== { content: '\n吉尼斯决心 不是',
  title: '84185252\r',
  postUser: 
   { pass: '111',
     email: 'i@ijser.cn',
     _id: 4fcf77e74c6512f819000001,
     lastLoginTime: Wed, 06 Jun 2012 15:31:51 GMT,
     registDate: Wed, 06 Jun 2012 15:31:51 GMT,
     name: 'ijse' },
  replyUser: null,
  _id: 4fd5fac7e62c57f84d00000b,
  reply: [],
  postTime: Mon, 11 Jun 2012 14:03:51 GMT }
[2012-06-11 22:38:40.035] [INFO] [default] - ============== { content: '\n\r\n是吉悲喜国回蓝进进地相映成趣另削赤 顶替',
  title: '标题标题。。\r',
  postUser: 
   { pass: '111',
     email: 'i@ijser.cn',
     _id: 4fcf77e74c6512f819000001,
     lastLoginTime: Wed, 06 Jun 2012 15:31:51 GMT,
     registDate: Wed, 06 Jun 2012 15:31:51 GMT,
     name: 'ijse' },
  replyUser: null,
  _id: 4fd5f757b4d8d5c40400000b,
  reply: [],
  postTime: Mon, 11 Jun 2012 13:49:11 GMT }
[2012-06-11 22:38:40.043] [INFO] [default] - ============== { content: '\n内容',
  title: '测试 标题\r',
  postUser: 
   { pass: '111',
     email: 'i@ijser.cn',
     _id: 4fcf77e74c6512f819000001,
     lastLoginTime: Wed, 06 Jun 2012 15:31:51 GMT,
     registDate: Wed, 06 Jun 2012 15:31:51 GMT,
     name: 'ijse' },
  replyUser: null,
  _id: 4fd5f6f4b4d8d5c404000008,
  reply: [],
  postTime: Mon, 11 Jun 2012 13:47:32 GMT }
[2012-06-13 22:15:39.637] [ERROR] [default] - 2a07fd1d93f04fb1cf18ad121708e0b3.jpg 'move fail!!'
[2012-06-13 22:17:39.053] [ERROR] [default] - 8646e517f2b09e241504e7cad32cc06b.jpg 'move fail!!'
[2012-06-13 22:19:35.167] [ERROR] [default] - 9cc020276c32e107dc9cd26f109eb41e.jpg 'move fail!!\n' Error: ENOENT, no such file or directory 'F:\Workspace\EFsite\tmp\9cc020276c32e107dc9cd26f109eb41e'
[2012-06-13 22:28:04.846] [ERROR] [default] - 422156702aa8ca3b6f243848737098fe.png 'move fail!!\n' Error: ENOENT, no such file or directory 'F:\Workspace\EFsite\tmp\422156702aa8ca3b6f243848737098fe'
